<?xml version="1.0" encoding="UTF-8"?>
<!-- Generated by org.testng.reporters.JUnitXMLReporter -->
<testsuite hostname="DESKTOP-GJ9SRJ9" ignored="2" tests="0" failures="0" timestamp="23 May 2019 12:06:52 GMT" time="0.008" errors="0">
  <testcase name="Practice_Automation_Form" time="0.0" classname="com.automation.index.RentCount_PackageIndex">
    <ignored/>
  </testcase> <!-- Practice_Automation_Form -->
  <testcase name="yahoomail_login" time="0.0" classname="com.automation.index.RentCount_PackageIndex">
    <ignored/>
  </testcase> <!-- yahoomail_login -->
</testsuite>
