<?xml version="1.0" encoding="UTF-8"?>
<!-- Generated by org.testng.reporters.JUnitXMLReporter -->
<testsuite hostname="DESKTOP-GJ9SRJ9" ignored="1" name="Practice_Automation_Form:: Simple form with different Functionalities" tests="1" failures="0" timestamp="23 May 2019 11:34:55 GMT" time="149.055" errors="0">
  <testcase name="Practice_Automation_Form" time="130.138" classname="com.automation.index.RentCount_PackageIndex"/>
  <testcase name="yahoomail_login" time="0.0" classname="com.automation.index.RentCount_PackageIndex">
    <ignored/>
  </testcase> <!-- yahoomail_login -->
</testsuite> <!-- Practice_Automation_Form:: Simple form with different Functionalities -->
