<?xml version="1.0" encoding="UTF-8"?>
<!-- Generated by org.testng.reporters.JUnitXMLReporter -->
<testsuite hostname="DESKTOP-GJ9SRJ9" ignored="1" name="TC_LogIn_02: Verify User LogIn functionality" tests="1" failures="0" timestamp="14 May 2019 16:05:34 GMT" time="154.011" errors="0">
  <testcase name="yahoomail_login" time="105.63" classname="com.automation.index.RentCount_PackageIndex"/>
  <testcase name="TC_LogIn_02" time="0.0" classname="com.automation.index.RentCount_PackageIndex">
    <ignored/>
  </testcase> <!-- TC_LogIn_02 -->
</testsuite> <!-- TC_LogIn_02: Verify User LogIn functionality -->
