<?xml version="1.0" encoding="UTF-8"?>
<!-- Generated by org.testng.reporters.JUnitXMLReporter -->
<testsuite hostname="DESKTOP-GJ9SRJ9" ignored="1" name="Yahoomail_login: Verify User LogIn functionality" tests="1" failures="0" timestamp="23 May 2019 12:08:24 GMT" time="91.115" errors="0">
  <testcase name="yahoomail_login" time="74.542" classname="com.automation.index.RentCount_PackageIndex"/>
  <testcase name="Practice_Automation_Form" time="0.0" classname="com.automation.index.RentCount_PackageIndex">
    <ignored/>
  </testcase> <!-- Practice_Automation_Form -->
</testsuite> <!-- Yahoomail_login: Verify User LogIn functionality -->
