<?xml version="1.0" encoding="UTF-8"?>
<testng-results skipped="0" failed="0" ignored="1" total="2" passed="1">
  <reporter-output>
    <line>
      <![CDATA[<strong><h1 style="color:DarkViolet;font-size:13px;">  </h1> </strong>]]>
    </line>
    <line>
      <![CDATA[<strong><h1 style="color:DarkViolet;font-size:13px;"> TEST CASE::yahoomail_login::To verify That user is able to Login with the valid details</h1> </strong>]]>
    </line>
    <line>
      <![CDATA[<br><strong><font color="blue">Step1: https://login.yahoo.com/?.src=ym&.lang=en-IN&.intl=in&.done=https%3A%2F%2Fmail.yahoo.com%2Fd</font></strong></br>]]>
    </line>
    <line>
      <![CDATA[<strong><h1 style="color:saddlebrown;font-size:11px;"> -----> YahooMail home page open <-----</h1> </strong>]]>
    </line>
    <line>
      <![CDATA[<strong> <h3 style="color:DarkGreen">  &#10004; <i>  SUCCESSFUL </i></h3> </strong> ]]>
    </line>
    <line>
      <![CDATA[<br><strong><font color="blue">Step2: Enter Login Details</font></strong></br>]]>
    </line>
    <line>
      <![CDATA[</br>&nbsp;&nbsp;&nbsp;&nbsp;---> Email Addess : vipul226968 <---</br>]]>
    </line>
    <line>
      <![CDATA[<strong><h1 style="color:saddlebrown;font-size:11px;"> ---> Verification Start <---</h1> </strong>]]>
    </line>
    <line>
      <![CDATA[</br>&nbsp;&nbsp;&nbsp;&nbsp;<hr size='15px' noshade color='green'></br>]]>
    </line>
    <line>
      <![CDATA[<strong> <h3 style="color:DarkGreen">  &#10004; <i>  SUCCESSFUL </i></h3> </strong> ]]>
    </line>
  </reporter-output>
  <suite name="RentCount_Functional_TestCases_Suite" duration-ms="154011" started-at="2019-05-14T16:03:00Z" finished-at="2019-05-14T16:05:34Z">
    <groups>
    </groups>
    <test name="TC_LogIn_02: Verify User LogIn functionality" duration-ms="154011" started-at="2019-05-14T16:03:00Z" finished-at="2019-05-14T16:05:34Z">
      <class name="com.automation.index.RentCount_PackageIndex">
        <test-method status="PASS" signature="sheetupdate()[pri:0, instance:com.automation.index.RentCount_PackageIndex@61f8bee4]" name="sheetupdate" is-config="true" duration-ms="6" started-at="2019-05-14T16:03:00Z" finished-at="2019-05-14T16:03:00Z">
          <reporter-output>
          </reporter-output>
        </test-method> <!-- sheetupdate -->
        <test-method status="PASS" signature="fetchSuiteConfiguration(org.testng.ITestContext)[pri:0, instance:com.automation.index.RentCount_PackageIndex@61f8bee4]" name="fetchSuiteConfiguration" is-config="true" duration-ms="6" started-at="2019-05-14T16:03:00Z" finished-at="2019-05-14T16:03:00Z">
          <params>
            <param index="0">
              <value>
                <![CDATA[org.testng.TestRunner@51e2adc7]]>
              </value>
            </param>
          </params>
          <reporter-output>
          </reporter-output>
        </test-method> <!-- fetchSuiteConfiguration -->
        <test-method status="PASS" signature="setUp(java.lang.reflect.Method, org.testng.ITestContext)[pri:0, instance:com.automation.index.RentCount_PackageIndex@61f8bee4]" name="setUp" is-config="true" duration-ms="37381" started-at="2019-05-14T16:03:00Z" finished-at="2019-05-14T16:03:37Z">
          <params>
            <param index="0">
              <value>
                <![CDATA[public void com.automation.index.RentCount_PackageIndex.yahoomail_login() throws java.lang.InterruptedException]]>
              </value>
            </param>
            <param index="1">
              <value>
                <![CDATA[org.testng.TestRunner@51e2adc7]]>
              </value>
            </param>
          </params>
          <reporter-output>
          </reporter-output>
        </test-method> <!-- setUp -->
        <test-method status="PASS" signature="yahoomail_login()[pri:0, instance:com.automation.index.RentCount_PackageIndex@61f8bee4]" name="yahoomail_login" duration-ms="105630" started-at="2019-05-14T16:03:37Z" finished-at="2019-05-14T16:05:23Z">
          <reporter-output>
            <line>
              <![CDATA[<strong><h1 style="color:DarkViolet;font-size:13px;">  </h1> </strong>]]>
            </line>
            <line>
              <![CDATA[<strong><h1 style="color:DarkViolet;font-size:13px;"> TEST CASE::yahoomail_login::To verify That user is able to Login with the valid details</h1> </strong>]]>
            </line>
            <line>
              <![CDATA[<br><strong><font color="blue">Step1: https://login.yahoo.com/?.src=ym&.lang=en-IN&.intl=in&.done=https%3A%2F%2Fmail.yahoo.com%2Fd</font></strong></br>]]>
            </line>
            <line>
              <![CDATA[<strong><h1 style="color:saddlebrown;font-size:11px;"> -----> YahooMail home page open <-----</h1> </strong>]]>
            </line>
            <line>
              <![CDATA[<strong> <h3 style="color:DarkGreen">  &#10004; <i>  SUCCESSFUL </i></h3> </strong> ]]>
            </line>
            <line>
              <![CDATA[<br><strong><font color="blue">Step2: Enter Login Details</font></strong></br>]]>
            </line>
            <line>
              <![CDATA[</br>&nbsp;&nbsp;&nbsp;&nbsp;---> Email Addess : vipul226968 <---</br>]]>
            </line>
            <line>
              <![CDATA[<strong><h1 style="color:saddlebrown;font-size:11px;"> ---> Verification Start <---</h1> </strong>]]>
            </line>
            <line>
              <![CDATA[</br>&nbsp;&nbsp;&nbsp;&nbsp;<hr size='15px' noshade color='green'></br>]]>
            </line>
            <line>
              <![CDATA[<strong> <h3 style="color:DarkGreen">  &#10004; <i>  SUCCESSFUL </i></h3> </strong> ]]>
            </line>
          </reporter-output>
        </test-method> <!-- yahoomail_login -->
        <test-method status="PASS" signature="tearDown(org.testng.ITestResult)[pri:0, instance:com.automation.index.RentCount_PackageIndex@61f8bee4]" name="tearDown" is-config="true" duration-ms="10979" started-at="2019-05-14T16:05:23Z" finished-at="2019-05-14T16:05:34Z">
          <params>
            <param index="0">
              <value>
                <![CDATA[[TestResult name=yahoomail_login status=SUCCESS method=RentCount_PackageIndex.yahoomail_login()[pri:0, instance:com.automation.index.RentCount_PackageIndex@61f8bee4] output=<strong><h1 style="color:DarkViolet;font-size:13px;">  </h1> </strong>]]]>
              </value>
            </param>
          </params>
          <reporter-output>
          </reporter-output>
        </test-method> <!-- tearDown -->
        <test-method status="PASS" signature="zipfileupdate()[pri:0, instance:com.automation.index.RentCount_PackageIndex@61f8bee4]" name="zipfileupdate" is-config="true" duration-ms="19" started-at="2019-05-14T16:05:34Z" finished-at="2019-05-14T16:05:34Z">
          <reporter-output>
          </reporter-output>
        </test-method> <!-- zipfileupdate -->
      </class> <!-- com.automation.index.RentCount_PackageIndex -->
    </test> <!-- TC_LogIn_02: Verify User LogIn functionality -->
  </suite> <!-- RentCount_Functional_TestCases_Suite -->
</testng-results>
