<?xml version="1.0" encoding="UTF-8"?>
<testsuite name="TestSuite" time="143.41" tests="1" errors="0" skipped="0" failures="1">
  <properties>
[...]
</properties>
  <testcase name="TC_LogIn_02" classname="com.automation.index.RentCount_PackageIndex" time="143.41">
    <failure message="no such element: Unable to locate element: {&quot;method&quot;:&quot;xpath&quot;,&quot;selector&quot;:&quot;//a[contains(text(),&apos;Account Information&apos;)]&quot;}&#10;  (Session info: chrome=74.0.3729.131)&#10;  (Driver info: chromedriver=2.41.578737 (49da6702b16031c40d63e5618de03a32ff6c197e),platform=Windows NT 10.0.17763 x86_64) (WARNING: The server did not provide any stacktrace information)&#10;Command duration or timeout: 0 milliseconds&#10;For documentation on this error, please visit: http://seleniumhq.org/exceptions/no_such_element.html&#10;Build info: version: &apos;3.13.0&apos;, revision: &apos;2f0d292&apos;, time: &apos;2018-06-25T15:24:21.231Z&apos;&#10;System info: host: &apos;DESKTOP-GJ9SRJ9&apos;, ip: &apos;192.168.1.111&apos;, os.name: &apos;Windows 10&apos;, os.arch: &apos;amd64&apos;, os.version: &apos;10.0&apos;, java.version: &apos;1.8.0_191&apos;&#10;Driver info: org.openqa.selenium.chrome.ChromeDriver&#10;Capabilities {acceptInsecureCerts: false, acceptSslCerts: false, applicationCacheEnabled: false, browserConnectionEnabled: false, browserName: chrome, chrome: {chromedriverVersion: 2.41.578737 (49da6702b16031..., userDataDir: C:\Users\User\AppData\Local...}, cssSelectorsEnabled: true, databaseEnabled: false, goog:chromeOptions: {debuggerAddress: localhost:52703}, handlesAlerts: true, hasTouchScreen: false, javascriptEnabled: true, locationContextEnabled: true, mobileEmulationEnabled: false, nativeEvents: true, networkConnectionEnabled: false, pageLoadStrategy: normal, platform: XP, platformName: XP, rotatable: false, setWindowRect: true, takesHeapSnapshot: true, takesScreenshot: true, unexpectedAlertBehaviour: , unhandledPromptBehavior: , version: 74.0.3729.131, webStorageEnabled: true}&#10;Session ID: ffea2b0c7d4c611550eb05c1b13a5850&#10;*** Element info: {Using=xpath, value=//a[contains(text(),&apos;Account Information&apos;)]}" type="org.openqa.selenium.NoSuchElementException">org.openqa.selenium.NoSuchElementException: no such element: Unable to locate element: {"method":"xpath","selector":"//a[contains(text(),'Account Information')]"}
  (Session info: chrome=74.0.3729.131)
  (Driver info: chromedriver=2.41.578737 (49da6702b16031c40d63e5618de03a32ff6c197e),platform=Windows NT 10.0.17763 x86_64) (WARNING: The server did not provide any stacktrace information)
Command duration or timeout: 0 milliseconds
For documentation on this error, please visit: http://seleniumhq.org/exceptions/no_such_element.html
Build info: version: '3.13.0', revision: '2f0d292', time: '2018-06-25T15:24:21.231Z'
System info: host: 'DESKTOP-GJ9SRJ9', ip: '192.168.1.111', os.name: 'Windows 10', os.arch: 'amd64', os.version: '10.0', java.version: '1.8.0_191'
Driver info: org.openqa.selenium.chrome.ChromeDriver
Capabilities {acceptInsecureCerts: false, acceptSslCerts: false, applicationCacheEnabled: false, browserConnectionEnabled: false, browserName: chrome, chrome: {chromedriverVersion: 2.41.578737 (49da6702b16031..., userDataDir: C:\Users\User\AppData\Local...}, cssSelectorsEnabled: true, databaseEnabled: false, goog:chromeOptions: {debuggerAddress: localhost:52703}, handlesAlerts: true, hasTouchScreen: false, javascriptEnabled: true, locationContextEnabled: true, mobileEmulationEnabled: false, nativeEvents: true, networkConnectionEnabled: false, pageLoadStrategy: normal, platform: XP, platformName: XP, rotatable: false, setWindowRect: true, takesHeapSnapshot: true, takesScreenshot: true, unexpectedAlertBehaviour: , unhandledPromptBehavior: , version: 74.0.3729.131, webStorageEnabled: true}
Session ID: ffea2b0c7d4c611550eb05c1b13a5850
*** Element info: {Using=xpath, value=//a[contains(text(),'Account Information')]}
	at sun.reflect.NativeConstructorAccessorImpl.newInstance0(Native Method)
	at sun.reflect.NativeConstructorAccessorImpl.newInstance(Unknown Source)
	at sun.reflect.DelegatingConstructorAccessorImpl.newInstance(Unknown Source)
	at java.lang.reflect.Constructor.newInstance(Unknown Source)
	at org.openqa.selenium.remote.ErrorHandler.createThrowable(ErrorHandler.java:214)
	at org.openqa.selenium.remote.ErrorHandler.throwIfResponseFailed(ErrorHandler.java:166)
	at org.openqa.selenium.remote.http.JsonHttpResponseCodec.reconstructValue(JsonHttpResponseCodec.java:40)
	at org.openqa.selenium.remote.http.AbstractHttpResponseCodec.decode(AbstractHttpResponseCodec.java:80)
	at org.openqa.selenium.remote.http.AbstractHttpResponseCodec.decode(AbstractHttpResponseCodec.java:44)
	at org.openqa.selenium.remote.HttpCommandExecutor.execute(HttpCommandExecutor.java:158)
	at org.openqa.selenium.remote.service.DriverCommandExecutor.execute(DriverCommandExecutor.java:83)
	at org.openqa.selenium.remote.RemoteWebDriver.execute(RemoteWebDriver.java:548)
	at org.openqa.selenium.remote.RemoteWebDriver.findElement(RemoteWebDriver.java:322)
	at org.openqa.selenium.remote.RemoteWebDriver.findElementByXPath(RemoteWebDriver.java:424)
	at org.openqa.selenium.By$ByXPath.findElement(By.java:353)
	at org.openqa.selenium.remote.RemoteWebDriver.findElement(RemoteWebDriver.java:314)
	at com.automation.verification.RentCount_PackageVerification.logindetailsverification(RentCount_PackageVerification.java:217)
	at com.automation.index.RentCount_PackageIndex.TC_LogIn_02(RentCount_PackageIndex.java:73)
</failure>
    <system-out><![CDATA[[TestNGContentHandler] [WARN] It is strongly recommended to add "<!DOCTYPE suite SYSTEM "http://testng.org/testng-1.0.dtd" >" at the top of your file, otherwise TestNG may fail or not work as expected.
...
... TestNG 6.14.2 by Cédric Beust (cedric@beust.com)
...

Excel Sheet Updated for the Latest Result.........
full path C:\Users\User\eclipse-workspace\RentCount_UK\Resources\[3DBroadCastSales]-Script_Result.xlsx con C:\Users\User\eclipse-workspace\RentCount_UK\Resources\[3DBroadCastSales]-Script_Result.xlsx
Number of rows :999
All Sheet Cells Updated to Skipped Status
All Sheet Cells Updated to Skipped Status
All Sheet Cells Updated to Skipped Status
All Sheet Cells Updated to Skipped Status
I am in onStart method TC_LogIn_02: Verify User LogIn functionality
Call getURL.......
full path C:\Users\User\eclipse-workspace\RentCount_UK\Resources\Credential.xlsx con C:\Users\User\eclipse-workspace\RentCount_UK\Resources\Credential.xlsx
 Before Test 
Set up Start =====
creating directory: 
DIR created
full path C:\Users\User\eclipse-workspace\RentCount_UK\Resources\Credential.xlsx con C:\Users\User\eclipse-workspace\RentCount_UK\Resources\Credential.xlsx
=========Chorme Driver ==========
Call getURL.......
full path C:\Users\User\eclipse-workspace\RentCount_UK\Resources\Credential.xlsx con C:\Users\User\eclipse-workspace\RentCount_UK\Resources\Credential.xlsx
======Abstract Page======
======Abstract Page======
I am in onTestStart method TC_LogIn_02 start
Get Test Method called
 
TEST CASE:TC_LogIn_02::To verify That user is able to Login with the valid details
Step1: Open the Url---> https://staging.3dbroadcastsales.com/
-----> 3dbroadcastsales home page open <-----

Step2: Click on the Login menu
======Abstract Page======
Step3: Enter the Details for Login
---> Email Addess : JFeo@mailinator.com <---
---> Password : pQzge@1234 <---
======Abstract Page======
Step4: Click on Login button
======Abstract Page======
Step5: User Login verification.
---> Verification Start <---
---> Account Information Verification <---
---> Click on Account Menu <---
I am in onTestFailure method TC_LogIn_02 failed
]]></system-out>
    <system-err><![CDATA[File Path ==================C:\Users\User\eclipse-workspace\RentCount_UK\Resources\chromedriver_2_41.exe
May 10, 2019 4:45:47 PM org.openqa.selenium.remote.DesiredCapabilities chrome
INFO: Using `new ChromeOptions()` is preferred to `DesiredCapabilities.chrome()`
Starting ChromeDriver 2.41.578737 (49da6702b16031c40d63e5618de03a32ff6c197e) on port 12237
Only local connections are allowed.
May 10, 2019 4:45:50 PM org.openqa.selenium.remote.ProtocolHandshake createSession
INFO: Detected dialect: OSS
]]></system-err>
  </testcase>
</testsuite>